<?xml version="1.0" encoding="UTF-8"?>
<!-- Generated by org.testng.reporters.JUnitXMLReporter -->
<testsuite ignored="2" hostname="Mahima-Dell" failures="0" tests="1" name="Default test" time="9.65" errors="0" timestamp="2022-09-10T21:57:21 PDT">
  <testcase classname="testcases.SimplilearnLoginTest" name="Test3" time="6.296"/>
  <testcase classname="testcases.SimplilearnLoginTest" name="Test2" time="0.0">
    <ignored/>
  </testcase> <!-- Test2 -->
  <testcase classname="testcases.SimplilearnLoginTest" name="Test1" time="0.0">
    <ignored/>
  </testcase> <!-- Test1 -->
</testsuite> <!-- Default test -->
