<?xml version="1.0" encoding="UTF-8"?>
<!-- Generated by org.testng.reporters.JUnitXMLReporter -->
<testsuite ignored="2" hostname="Mahima-Dell" failures="0" tests="4" name="Test" time="29.93" errors="0" timestamp="12 Sep 2022 21:33:04 GMT">
  <testcase classname="testcases.SimplilearnLoginTest" name="Test1" time="6.335"/>
  <testcase classname="testcases.SimplilearnLoginTest" name="Test2" time="6.571"/>
  <testcase classname="testcases.SimplilearnLoginTest" name="Test3" time="5.91"/>
  <testcase classname="testcases.HomeTest" name="Test1" time="0.0"/>
  <testcase classname="testcases.BaseClass" name="@AfterTest DataClean" time="0.0">
    <ignored/>
  </testcase> <!-- @AfterTest DataClean -->
  <testcase classname="testcases.BaseClass" name="@BeforeTest DataSetUp" time="0.0">
    <ignored/>
  </testcase> <!-- @BeforeTest DataSetUp -->
</testsuite> <!-- Test -->
