<?xml version="1.0" encoding="UTF-8"?>
<!-- Generated by org.testng.reporters.JUnitXMLReporter -->
<testsuite ignored="0" hostname="Mahima-Dell" failures="0" tests="3" name="Test" time="24.027" errors="0" timestamp="18 Sep 2022 04:01:50 GMT">
  <testcase classname="testcases.SimplilearnLoginTest" name="Test1" time="4.084"/>
  <testcase classname="testcases.SimplilearnLoginTest" name="Test2" time="5.122"/>
  <testcase classname="testcases.SimplilearnLoginTest" name="Test3" time="4.798"/>
</testsuite> <!-- Test -->
