<?xml version="1.0" encoding="UTF-8"?>
<!-- Generated by org.testng.reporters.JUnitXMLReporter -->
<testsuite ignored="2" hostname="Mahima-Dell" failures="1" tests="5" name="Test" time="32.032" errors="0" timestamp="2022-09-10T22:02:33 PDT">
  <testcase classname="testcases.SampleClass" name="sample" time="4.114"/>
  <testcase classname="testcases.HomeTest" name="Test1" time="0.001"/>
  <testcase classname="testcases.SimplilearnLoginTest" name="Test1" time="6.274"/>
  <testcase classname="testcases.SimplilearnLoginTest" name="Test2" time="6.558"/>
  <testcase classname="testcases.SimplilearnLoginTest" name="Test3" time="0.001">
    <failure type="java.lang.NullPointerException">
      <![CDATA[java.lang.NullPointerException
at testcases.SimplilearnLoginTest.Test3(SimplilearnLoginTest.java:56)
at java.base/java.util.ArrayList.forEach(ArrayList.java:1507)
... Removed 31 stack frames]]>
    </failure>
  </testcase> <!-- Test3 -->
  <testcase classname="testcases.BaseClass" name="@AfterTest DataClean" time="0.0">
    <ignored/>
  </testcase> <!-- @AfterTest DataClean -->
  <testcase classname="testcases.BaseClass" name="@BeforeTest DataSetUp" time="0.0">
    <ignored/>
  </testcase> <!-- @BeforeTest DataSetUp -->
</testsuite> <!-- Test -->
