<?xml version="1.0" encoding="UTF-8"?>
<!-- Generated by org.testng.reporters.JUnitXMLReporter -->
<testsuite ignored="2" hostname="Mahima-Dell" failures="0" tests="1" name="Test(failed)" time="11.925" errors="0" timestamp="2022-09-10T22:22:35 PDT">
  <testcase classname="testcases.SimplilearnLoginTest" name="Test3" time="6.171"/>
  <testcase classname="testcases.SimplilearnLoginTest" name="Test1" time="0.0">
    <ignored/>
  </testcase> <!-- Test1 -->
  <testcase classname="testcases.SimplilearnLoginTest" name="Test2" time="0.0">
    <ignored/>
  </testcase> <!-- Test2 -->
</testsuite> <!-- Test(failed) -->
