<?xml version="1.0" encoding="UTF-8"?>
<testng-results ignored="2" total="6" passed="4" failed="0" skipped="0">
  <reporter-output>
  </reporter-output>
  <suite started-at="2022-09-12T21:32:34Z" name="Suite" finished-at="2022-09-12T21:33:04Z" duration-ms="29930">
    <groups>
    </groups>
    <test started-at="2022-09-12T21:32:34Z" name="Test" finished-at="2022-09-12T21:33:04Z" duration-ms="29930">
      <class name="testcases.HomeTest">
        <test-method is-config="true" signature="SetUp()[pri:0, instance:testcases.HomeTest@47e2e487]" started-at="2022-09-12T21:33:01Z" name="SetUp" finished-at="2022-09-12T21:33:04Z" duration-ms="2220" status="PASS">
          <reporter-output>
          </reporter-output>
        </test-method> <!-- SetUp -->
        <test-method is-config="true" signature="TearDown()[pri:0, instance:testcases.HomeTest@47e2e487]" started-at="2022-09-12T21:33:04Z" name="TearDown" finished-at="2022-09-12T21:33:04Z" duration-ms="626" status="PASS">
          <reporter-output>
          </reporter-output>
        </test-method> <!-- TearDown -->
        <test-method signature="Test1()[pri:0, instance:testcases.HomeTest@47e2e487]" started-at="2022-09-12T21:33:04Z" name="Test1" finished-at="2022-09-12T21:33:04Z" duration-ms="0" status="PASS">
          <reporter-output>
          </reporter-output>
        </test-method> <!-- Test1 -->
      </class> <!-- testcases.HomeTest -->
      <class name="testcases.SimplilearnLoginTest">
        <test-method is-config="true" signature="DataSetUp()[pri:0, instance:testcases.SimplilearnLoginTest@51e69659]" started-at="2022-09-12T21:32:34Z" name="DataSetUp" finished-at="2022-09-12T21:32:35Z" duration-ms="496" status="PASS">
          <reporter-output>
          </reporter-output>
        </test-method> <!-- DataSetUp -->
        <test-method is-config="true" signature="SetUp()[pri:0, instance:testcases.SimplilearnLoginTest@51e69659]" started-at="2022-09-12T21:32:35Z" name="SetUp" finished-at="2022-09-12T21:32:38Z" duration-ms="2750" status="PASS">
          <reporter-output>
          </reporter-output>
        </test-method> <!-- SetUp -->
        <test-method signature="Test1()[pri:0, instance:testcases.SimplilearnLoginTest@51e69659]" started-at="2022-09-12T21:32:38Z" name="Test1" finished-at="2022-09-12T21:32:44Z" duration-ms="6335" status="PASS">
          <reporter-output>
          </reporter-output>
        </test-method> <!-- Test1 -->
        <test-method is-config="true" signature="TearDown()[pri:0, instance:testcases.SimplilearnLoginTest@51e69659]" started-at="2022-09-12T21:32:44Z" name="TearDown" finished-at="2022-09-12T21:32:44Z" duration-ms="125" status="PASS">
          <reporter-output>
          </reporter-output>
        </test-method> <!-- TearDown -->
        <test-method is-config="true" signature="SetUp()[pri:0, instance:testcases.SimplilearnLoginTest@51e69659]" started-at="2022-09-12T21:32:44Z" name="SetUp" finished-at="2022-09-12T21:32:46Z" duration-ms="2215" status="PASS">
          <reporter-output>
          </reporter-output>
        </test-method> <!-- SetUp -->
        <test-method signature="Test2(java.lang.String, java.lang.String)[pri:0, instance:testcases.SimplilearnLoginTest@51e69659]" started-at="2022-09-12T21:32:46Z" name="Test2" finished-at="2022-09-12T21:32:53Z" duration-ms="6571" status="PASS">
          <params>
            <param index="0">
              <value>
                <![CDATA[abc@xyz.com]]>
              </value>
            </param>
            <param index="1">
              <value>
                <![CDATA[Abc@1234]]>
              </value>
            </param>
          </params>
          <reporter-output>
          </reporter-output>
        </test-method> <!-- Test2 -->
        <test-method is-config="true" signature="TearDown()[pri:0, instance:testcases.SimplilearnLoginTest@51e69659]" started-at="2022-09-12T21:32:53Z" name="TearDown" finished-at="2022-09-12T21:32:53Z" duration-ms="205" status="PASS">
          <reporter-output>
          </reporter-output>
        </test-method> <!-- TearDown -->
        <test-method is-config="true" signature="SetUp()[pri:0, instance:testcases.SimplilearnLoginTest@51e69659]" started-at="2022-09-12T21:32:53Z" name="SetUp" finished-at="2022-09-12T21:32:55Z" duration-ms="2355" status="PASS">
          <reporter-output>
          </reporter-output>
        </test-method> <!-- SetUp -->
        <test-method signature="Test3()[pri:0, instance:testcases.SimplilearnLoginTest@51e69659]" started-at="2022-09-12T21:32:55Z" name="Test3" finished-at="2022-09-12T21:33:01Z" duration-ms="5910" status="PASS">
          <reporter-output>
          </reporter-output>
        </test-method> <!-- Test3 -->
        <test-method is-config="true" signature="TearDown()[pri:0, instance:testcases.SimplilearnLoginTest@51e69659]" started-at="2022-09-12T21:33:01Z" name="TearDown" finished-at="2022-09-12T21:33:01Z" duration-ms="110" status="PASS">
          <reporter-output>
          </reporter-output>
        </test-method> <!-- TearDown -->
        <test-method is-config="true" signature="DataClean()[pri:0, instance:testcases.SimplilearnLoginTest@51e69659]" started-at="2022-09-12T21:33:04Z" name="DataClean" finished-at="2022-09-12T21:33:04Z" duration-ms="0" status="PASS">
          <reporter-output>
          </reporter-output>
        </test-method> <!-- DataClean -->
      </class> <!-- testcases.SimplilearnLoginTest -->
    </test> <!-- Test -->
  </suite> <!-- Suite -->
</testng-results>
